c:\users\s181205\desktop\mathslibrary\mathslibrary\debug\vc141.pdb
c:\users\s181205\desktop\mathslibrary\mathslibrary\debug\vc141.idb
c:\users\s181205\desktop\mathslibrary\mathslibrary\debug\matrix2.obj
c:\users\s181205\desktop\mathslibrary\mathslibrary\debug\matrix3.obj
c:\users\s181205\desktop\mathslibrary\mathslibrary\debug\matrix4.obj
c:\users\s181205\desktop\mathslibrary\mathslibrary\debug\source.obj
c:\users\s181205\desktop\mathslibrary\mathslibrary\debug\vector2.obj
c:\users\s181205\desktop\mathslibrary\mathslibrary\debug\vector3.obj
c:\users\s181205\desktop\mathslibrary\mathslibrary\debug\vector4.obj
c:\users\s181205\desktop\mathslibrary\mathslibrary\debug\mathslibrary.pdb
c:\users\s181205\desktop\mathslibrary\mathslibrary\debug\mathslibrary.idb
c:\users\s181205\desktop\mathslibrary\mathlib\mathslibrary.lib
c:\users\s181205\desktop\mathslibrary\debug\mathslibrary.exe
c:\users\s181205\desktop\mathslibrary\debug\mathslibrary.ilk
c:\users\s181205\desktop\mathslibrary\debug\mathslibrary.pdb
c:\users\s181205\desktop\mathslibrary\mathlib\mathslibrary.pdb
c:\users\s181205\desktop\mathslibrary\mathslibrary\debug\mathslibrary.tlog\cl.command.1.tlog
c:\users\s181205\desktop\mathslibrary\mathslibrary\debug\mathslibrary.tlog\cl.read.1.tlog
c:\users\s181205\desktop\mathslibrary\mathslibrary\debug\mathslibrary.tlog\cl.write.1.tlog
c:\users\s181205\desktop\mathslibrary\mathslibrary\debug\mathslibrary.tlog\lib-link.read.1.tlog
c:\users\s181205\desktop\mathslibrary\mathslibrary\debug\mathslibrary.tlog\lib-link.write.1.tlog
c:\users\s181205\desktop\mathslibrary\mathslibrary\debug\mathslibrary.tlog\lib.command.1.tlog
c:\users\s181205\desktop\mathslibrary\mathslibrary\debug\mathslibrary.tlog\link.command.1.tlog
c:\users\s181205\desktop\mathslibrary\mathslibrary\debug\mathslibrary.tlog\link.read.1.tlog
c:\users\s181205\desktop\mathslibrary\mathslibrary\debug\mathslibrary.tlog\link.write.1.tlog
